<?xml version="1.0" encoding="UTF-8"?>
<testng-results skipped="0" failed="1" total="2" passed="1">
  <reporter-output>
  </reporter-output>
  <suite name="Default suite" duration-ms="4510" started-at="2019-05-13T07:57:55Z" finished-at="2019-05-13T07:58:00Z">
    <groups>
    </groups>
    <test name="Default test" duration-ms="4510" started-at="2019-05-13T07:57:55Z" finished-at="2019-05-13T07:58:00Z">
      <class name="com.test.api.TestNGClass.IdAuth">
        <test-method status="PASS" signature="beforeSuite()[pri:0, instance:com.test.api.TestNGClass.IdAuth@ef718de]" name="beforeSuite" is-config="true" duration-ms="25" started-at="2019-05-13T15:57:55Z" finished-at="2019-05-13T15:57:55Z">
          <reporter-output>
          </reporter-output>
        </test-method> <!-- beforeSuite -->
        <test-method status="PASS" signature="beforeTest()[pri:0, instance:com.test.api.TestNGClass.IdAuth@ef718de]" name="beforeTest" is-config="true" duration-ms="0" started-at="2019-05-13T15:57:55Z" finished-at="2019-05-13T15:57:55Z">
          <reporter-output>
          </reporter-output>
        </test-method> <!-- beforeTest -->
        <test-method status="PASS" signature="beforeClass()[pri:0, instance:com.test.api.TestNGClass.IdAuth@ef718de]" name="beforeClass" is-config="true" duration-ms="3973" started-at="2019-05-13T15:57:55Z" finished-at="2019-05-13T15:57:59Z">
          <reporter-output>
          </reporter-output>
        </test-method> <!-- beforeClass -->
        <test-method status="PASS" signature="beforeMethod()[pri:0, instance:com.test.api.TestNGClass.IdAuth@ef718de]" name="beforeMethod" is-config="true" duration-ms="1" started-at="2019-05-13T15:57:59Z" finished-at="2019-05-13T15:57:59Z">
          <reporter-output>
          </reporter-output>
        </test-method> <!-- beforeMethod -->
        <test-method status="FAIL" signature="w(java.lang.Integer, java.lang.String)[pri:0, instance:com.test.api.TestNGClass.IdAuth@ef718de]" name="w" duration-ms="107" started-at="2019-05-13T15:57:59Z" data-provider="dp" finished-at="2019-05-13T15:58:00Z">
          <params>
            <param index="0">
              <value>
                <![CDATA[1]]>
              </value>
            </param>
            <param index="1">
              <value>
                <![CDATA[a]]>
              </value>
            </param>
          </params>
          <exception class="java.lang.AssertionError">
            <message>
              <![CDATA[expected [1] but found [2]]]>
            </message>
            <full-stacktrace>
              <![CDATA[java.lang.AssertionError: expected [1] but found [2]
	at org.testng.Assert.fail(Assert.java:94)
	at org.testng.Assert.failNotEquals(Assert.java:496)
	at org.testng.Assert.assertEquals(Assert.java:125)
	at org.testng.Assert.assertEquals(Assert.java:167)
	at com.test.api.TestNGClass.IdAuth.w(IdAuth.java:33)
	at sun.reflect.NativeMethodAccessorImpl.invoke0(Native Method)
	at sun.reflect.NativeMethodAccessorImpl.invoke(NativeMethodAccessorImpl.java:62)
	at sun.reflect.DelegatingMethodAccessorImpl.invoke(DelegatingMethodAccessorImpl.java:43)
	at java.lang.reflect.Method.invoke(Method.java:497)
	at org.testng.internal.MethodInvocationHelper.invokeMethod(MethodInvocationHelper.java:85)
	at org.testng.internal.Invoker.invokeMethod(Invoker.java:639)
	at org.testng.internal.Invoker.invokeTestMethod(Invoker.java:816)
	at org.testng.internal.Invoker.invokeTestMethods(Invoker.java:1124)
	at org.testng.internal.TestMethodWorker.invokeTestMethods(TestMethodWorker.java:125)
	at org.testng.internal.TestMethodWorker.run(TestMethodWorker.java:108)
	at org.testng.TestRunner.privateRun(TestRunner.java:774)
	at org.testng.TestRunner.run(TestRunner.java:624)
	at org.testng.SuiteRunner.runTest(SuiteRunner.java:359)
	at org.testng.SuiteRunner.runSequentially(SuiteRunner.java:354)
	at org.testng.SuiteRunner.privateRun(SuiteRunner.java:312)
	at org.testng.SuiteRunner.run(SuiteRunner.java:261)
	at org.testng.SuiteRunnerWorker.runSuite(SuiteRunnerWorker.java:52)
	at org.testng.SuiteRunnerWorker.run(SuiteRunnerWorker.java:86)
	at org.testng.TestNG.runSuitesSequentially(TestNG.java:1215)
	at org.testng.TestNG.runSuitesLocally(TestNG.java:1140)
	at org.testng.TestNG.run(TestNG.java:1048)
	at org.testng.remote.AbstractRemoteTestNG.run(AbstractRemoteTestNG.java:115)
	at org.testng.remote.RemoteTestNG.initAndRun(RemoteTestNG.java:251)
	at org.testng.remote.RemoteTestNG.main(RemoteTestNG.java:77)
]]>
            </full-stacktrace>
          </exception> <!-- java.lang.AssertionError -->
          <reporter-output>
          </reporter-output>
        </test-method> <!-- w -->
        <test-method status="PASS" signature="afterMethod()[pri:0, instance:com.test.api.TestNGClass.IdAuth@ef718de]" name="afterMethod" is-config="true" duration-ms="1" started-at="2019-05-13T15:58:00Z" finished-at="2019-05-13T15:58:00Z">
          <reporter-output>
          </reporter-output>
        </test-method> <!-- afterMethod -->
        <test-method status="PASS" signature="w(java.lang.Integer, java.lang.String)[pri:0, instance:com.test.api.TestNGClass.IdAuth@ef718de]" name="w" duration-ms="7" started-at="2019-05-13T15:58:00Z" data-provider="dp" finished-at="2019-05-13T15:58:00Z">
          <params>
            <param index="0">
              <value>
                <![CDATA[2]]>
              </value>
            </param>
            <param index="1">
              <value>
                <![CDATA[b]]>
              </value>
            </param>
          </params>
          <reporter-output>
          </reporter-output>
        </test-method> <!-- w -->
        <test-method status="PASS" signature="beforeMethod()[pri:0, instance:com.test.api.TestNGClass.IdAuth@ef718de]" name="beforeMethod" is-config="true" duration-ms="0" started-at="2019-05-13T15:58:00Z" finished-at="2019-05-13T15:58:00Z">
          <reporter-output>
          </reporter-output>
        </test-method> <!-- beforeMethod -->
        <test-method status="PASS" signature="afterMethod()[pri:0, instance:com.test.api.TestNGClass.IdAuth@ef718de]" name="afterMethod" is-config="true" duration-ms="0" started-at="2019-05-13T15:58:00Z" finished-at="2019-05-13T15:58:00Z">
          <reporter-output>
          </reporter-output>
        </test-method> <!-- afterMethod -->
        <test-method status="PASS" signature="afterClass()[pri:0, instance:com.test.api.TestNGClass.IdAuth@ef718de]" name="afterClass" is-config="true" duration-ms="358" started-at="2019-05-13T15:58:00Z" finished-at="2019-05-13T15:58:00Z">
          <reporter-output>
          </reporter-output>
        </test-method> <!-- afterClass -->
        <test-method status="PASS" signature="afterTest()[pri:0, instance:com.test.api.TestNGClass.IdAuth@ef718de]" name="afterTest" is-config="true" duration-ms="1" started-at="2019-05-13T15:58:00Z" finished-at="2019-05-13T15:58:00Z">
          <reporter-output>
          </reporter-output>
        </test-method> <!-- afterTest -->
        <test-method status="PASS" signature="afterSuite()[pri:0, instance:com.test.api.TestNGClass.IdAuth@ef718de]" name="afterSuite" is-config="true" duration-ms="0" started-at="2019-05-13T15:58:01Z" finished-at="2019-05-13T15:58:01Z">
          <reporter-output>
          </reporter-output>
        </test-method> <!-- afterSuite -->
      </class> <!-- com.test.api.TestNGClass.IdAuth -->
    </test> <!-- Default test -->
  </suite> <!-- Default suite -->
</testng-results>
