<?xml version="1.0" encoding="UTF-8"?>
<testng-results skipped="0" failed="3" total="3" passed="0">
  <reporter-output>
  </reporter-output>
  <suite name="Default suite" duration-ms="13062" started-at="2019-05-14T11:01:57Z" finished-at="2019-05-14T11:02:10Z">
    <groups>
    </groups>
    <test name="Default test" duration-ms="13062" started-at="2019-05-14T11:01:57Z" finished-at="2019-05-14T11:02:10Z">
      <class name="com.test.api.TestNGClass.IdAuth">
        <test-method status="PASS" signature="beforeSuite()[pri:0, instance:com.test.api.TestNGClass.IdAuth@24361cfc]" name="beforeSuite" is-config="true" duration-ms="34" started-at="2019-05-14T19:01:57Z" finished-at="2019-05-14T19:01:57Z">
          <reporter-output>
          </reporter-output>
        </test-method> <!-- beforeSuite -->
        <test-method status="PASS" signature="beforeTest()[pri:0, instance:com.test.api.TestNGClass.IdAuth@24361cfc]" name="beforeTest" is-config="true" duration-ms="0" started-at="2019-05-14T19:01:57Z" finished-at="2019-05-14T19:01:57Z">
          <reporter-output>
          </reporter-output>
        </test-method> <!-- beforeTest -->
        <test-method status="PASS" signature="beforeClass()[pri:0, instance:com.test.api.TestNGClass.IdAuth@24361cfc]" name="beforeClass" is-config="true" duration-ms="1" started-at="2019-05-14T19:01:57Z" finished-at="2019-05-14T19:01:57Z">
          <reporter-output>
          </reporter-output>
        </test-method> <!-- beforeClass -->
        <test-method status="PASS" signature="beforeMethod()[pri:0, instance:com.test.api.TestNGClass.IdAuth@24361cfc]" name="beforeMethod" is-config="true" duration-ms="168" started-at="2019-05-14T19:01:57Z" finished-at="2019-05-14T19:01:57Z">
          <reporter-output>
          </reporter-output>
        </test-method> <!-- beforeMethod -->
        <test-method status="FAIL" signature="baiduSearchTest()[pri:0, instance:com.test.api.TestNGClass.IdAuth@24361cfc]" name="baiduSearchTest" duration-ms="8410" started-at="2019-05-14T19:01:57Z" description="百度搜索" finished-at="2019-05-14T19:02:06Z">
          <exception class="java.lang.NullPointerException">
            <full-stacktrace>
              <![CDATA[java.lang.NullPointerException
	at com.test.api.TestNGClass.IdAuth.baiduSearchTest(IdAuth.java:40)
	at sun.reflect.NativeMethodAccessorImpl.invoke0(Native Method)
	at sun.reflect.NativeMethodAccessorImpl.invoke(NativeMethodAccessorImpl.java:62)
	at sun.reflect.DelegatingMethodAccessorImpl.invoke(DelegatingMethodAccessorImpl.java:43)
	at java.lang.reflect.Method.invoke(Method.java:497)
	at org.testng.internal.MethodInvocationHelper.invokeMethod(MethodInvocationHelper.java:85)
	at org.testng.internal.Invoker.invokeMethod(Invoker.java:639)
	at org.testng.internal.Invoker.invokeTestMethod(Invoker.java:816)
	at org.testng.internal.Invoker.invokeTestMethods(Invoker.java:1124)
	at org.testng.internal.TestMethodWorker.invokeTestMethods(TestMethodWorker.java:125)
	at org.testng.internal.TestMethodWorker.run(TestMethodWorker.java:108)
	at org.testng.TestRunner.privateRun(TestRunner.java:774)
	at org.testng.TestRunner.run(TestRunner.java:624)
	at org.testng.SuiteRunner.runTest(SuiteRunner.java:359)
	at org.testng.SuiteRunner.runSequentially(SuiteRunner.java:354)
	at org.testng.SuiteRunner.privateRun(SuiteRunner.java:312)
	at org.testng.SuiteRunner.run(SuiteRunner.java:261)
	at org.testng.SuiteRunnerWorker.runSuite(SuiteRunnerWorker.java:52)
	at org.testng.SuiteRunnerWorker.run(SuiteRunnerWorker.java:86)
	at org.testng.TestNG.runSuitesSequentially(TestNG.java:1215)
	at org.testng.TestNG.runSuitesLocally(TestNG.java:1140)
	at org.testng.TestNG.run(TestNG.java:1048)
	at org.testng.remote.AbstractRemoteTestNG.run(AbstractRemoteTestNG.java:115)
	at org.testng.remote.RemoteTestNG.initAndRun(RemoteTestNG.java:251)
	at org.testng.remote.RemoteTestNG.main(RemoteTestNG.java:77)
]]>
            </full-stacktrace>
          </exception> <!-- java.lang.NullPointerException -->
          <reporter-output>
          </reporter-output>
        </test-method> <!-- baiduSearchTest -->
        <test-method status="PASS" signature="afterMethod()[pri:0, instance:com.test.api.TestNGClass.IdAuth@24361cfc]" name="afterMethod" is-config="true" duration-ms="29" started-at="2019-05-14T19:02:06Z" finished-at="2019-05-14T19:02:06Z">
          <reporter-output>
          </reporter-output>
        </test-method> <!-- afterMethod -->
        <test-method status="PASS" signature="beforeMethod()[pri:0, instance:com.test.api.TestNGClass.IdAuth@24361cfc]" name="beforeMethod" is-config="true" duration-ms="23" started-at="2019-05-14T19:02:08Z" finished-at="2019-05-14T19:02:08Z">
          <reporter-output>
          </reporter-output>
        </test-method> <!-- beforeMethod -->
        <test-method status="FAIL" signature="f()[pri:0, instance:com.test.api.TestNGClass.IdAuth@24361cfc]" name="f" duration-ms="930" started-at="2019-05-14T19:02:08Z" description="测试新增人员" finished-at="2019-05-14T19:02:08Z">
          <exception class="java.lang.NullPointerException">
            <full-stacktrace>
              <![CDATA[java.lang.NullPointerException
	at com.test.api.TestNGClass.IdAuth.f_aroundBody0(IdAuth.java:58)
	at com.test.api.TestNGClass.IdAuth$AjcClosure1.run(IdAuth.java:1)
	at org.aspectj.runtime.reflect.JoinPointImpl.proceed(JoinPointImpl.java:149)
	at io.qameta.allure.aspects.StepsAspects.step(StepsAspects.java:46)
	at com.test.api.TestNGClass.IdAuth.f(IdAuth.java:58)
	at sun.reflect.NativeMethodAccessorImpl.invoke0(Native Method)
	at sun.reflect.NativeMethodAccessorImpl.invoke(NativeMethodAccessorImpl.java:62)
	at sun.reflect.DelegatingMethodAccessorImpl.invoke(DelegatingMethodAccessorImpl.java:43)
	at java.lang.reflect.Method.invoke(Method.java:497)
	at org.testng.internal.MethodInvocationHelper.invokeMethod(MethodInvocationHelper.java:85)
	at org.testng.internal.Invoker.invokeMethod(Invoker.java:639)
	at org.testng.internal.Invoker.invokeTestMethod(Invoker.java:816)
	at org.testng.internal.Invoker.invokeTestMethods(Invoker.java:1124)
	at org.testng.internal.TestMethodWorker.invokeTestMethods(TestMethodWorker.java:125)
	at org.testng.internal.TestMethodWorker.run(TestMethodWorker.java:108)
	at org.testng.TestRunner.privateRun(TestRunner.java:774)
	at org.testng.TestRunner.run(TestRunner.java:624)
	at org.testng.SuiteRunner.runTest(SuiteRunner.java:359)
	at org.testng.SuiteRunner.runSequentially(SuiteRunner.java:354)
	at org.testng.SuiteRunner.privateRun(SuiteRunner.java:312)
	at org.testng.SuiteRunner.run(SuiteRunner.java:261)
	at org.testng.SuiteRunnerWorker.runSuite(SuiteRunnerWorker.java:52)
	at org.testng.SuiteRunnerWorker.run(SuiteRunnerWorker.java:86)
	at org.testng.TestNG.runSuitesSequentially(TestNG.java:1215)
	at org.testng.TestNG.runSuitesLocally(TestNG.java:1140)
	at org.testng.TestNG.run(TestNG.java:1048)
	at org.testng.remote.AbstractRemoteTestNG.run(AbstractRemoteTestNG.java:115)
	at org.testng.remote.RemoteTestNG.initAndRun(RemoteTestNG.java:251)
	at org.testng.remote.RemoteTestNG.main(RemoteTestNG.java:77)
]]>
            </full-stacktrace>
          </exception> <!-- java.lang.NullPointerException -->
          <reporter-output>
          </reporter-output>
        </test-method> <!-- f -->
        <test-method status="PASS" signature="afterMethod()[pri:0, instance:com.test.api.TestNGClass.IdAuth@24361cfc]" name="afterMethod" is-config="true" duration-ms="19" started-at="2019-05-14T19:02:09Z" finished-at="2019-05-14T19:02:09Z">
          <reporter-output>
          </reporter-output>
        </test-method> <!-- afterMethod -->
        <test-method status="PASS" signature="beforeMethod()[pri:0, instance:com.test.api.TestNGClass.IdAuth@24361cfc]" name="beforeMethod" is-config="true" duration-ms="19" started-at="2019-05-14T19:02:09Z" finished-at="2019-05-14T19:02:09Z">
          <reporter-output>
          </reporter-output>
        </test-method> <!-- beforeMethod -->
        <test-method status="FAIL" signature="sougouSearchTest()[pri:0, instance:com.test.api.TestNGClass.IdAuth@24361cfc]" name="sougouSearchTest" duration-ms="50" started-at="2019-05-14T19:02:09Z" description="搜狗搜索" finished-at="2019-05-14T19:02:09Z">
          <exception class="java.lang.NullPointerException">
            <full-stacktrace>
              <![CDATA[java.lang.NullPointerException
	at com.test.api.TestNGClass.IdAuth.sougouSearchTest(IdAuth.java:47)
	at sun.reflect.NativeMethodAccessorImpl.invoke0(Native Method)
	at sun.reflect.NativeMethodAccessorImpl.invoke(NativeMethodAccessorImpl.java:62)
	at sun.reflect.DelegatingMethodAccessorImpl.invoke(DelegatingMethodAccessorImpl.java:43)
	at java.lang.reflect.Method.invoke(Method.java:497)
	at org.testng.internal.MethodInvocationHelper.invokeMethod(MethodInvocationHelper.java:85)
	at org.testng.internal.Invoker.invokeMethod(Invoker.java:639)
	at org.testng.internal.Invoker.invokeTestMethod(Invoker.java:816)
	at org.testng.internal.Invoker.invokeTestMethods(Invoker.java:1124)
	at org.testng.internal.TestMethodWorker.invokeTestMethods(TestMethodWorker.java:125)
	at org.testng.internal.TestMethodWorker.run(TestMethodWorker.java:108)
	at org.testng.TestRunner.privateRun(TestRunner.java:774)
	at org.testng.TestRunner.run(TestRunner.java:624)
	at org.testng.SuiteRunner.runTest(SuiteRunner.java:359)
	at org.testng.SuiteRunner.runSequentially(SuiteRunner.java:354)
	at org.testng.SuiteRunner.privateRun(SuiteRunner.java:312)
	at org.testng.SuiteRunner.run(SuiteRunner.java:261)
	at org.testng.SuiteRunnerWorker.runSuite(SuiteRunnerWorker.java:52)
	at org.testng.SuiteRunnerWorker.run(SuiteRunnerWorker.java:86)
	at org.testng.TestNG.runSuitesSequentially(TestNG.java:1215)
	at org.testng.TestNG.runSuitesLocally(TestNG.java:1140)
	at org.testng.TestNG.run(TestNG.java:1048)
	at org.testng.remote.AbstractRemoteTestNG.run(AbstractRemoteTestNG.java:115)
	at org.testng.remote.RemoteTestNG.initAndRun(RemoteTestNG.java:251)
	at org.testng.remote.RemoteTestNG.main(RemoteTestNG.java:77)
]]>
            </full-stacktrace>
          </exception> <!-- java.lang.NullPointerException -->
          <reporter-output>
          </reporter-output>
        </test-method> <!-- sougouSearchTest -->
        <test-method status="PASS" signature="afterMethod()[pri:0, instance:com.test.api.TestNGClass.IdAuth@24361cfc]" name="afterMethod" is-config="true" duration-ms="22" started-at="2019-05-14T19:02:09Z" finished-at="2019-05-14T19:02:09Z">
          <reporter-output>
          </reporter-output>
        </test-method> <!-- afterMethod -->
        <test-method status="PASS" signature="afterClass()[pri:0, instance:com.test.api.TestNGClass.IdAuth@24361cfc]" name="afterClass" is-config="true" duration-ms="7" started-at="2019-05-14T19:02:09Z" finished-at="2019-05-14T19:02:09Z">
          <reporter-output>
          </reporter-output>
        </test-method> <!-- afterClass -->
        <test-method status="PASS" signature="afterTest()[pri:0, instance:com.test.api.TestNGClass.IdAuth@24361cfc]" name="afterTest" is-config="true" duration-ms="1" started-at="2019-05-14T19:02:10Z" finished-at="2019-05-14T19:02:10Z">
          <reporter-output>
          </reporter-output>
        </test-method> <!-- afterTest -->
        <test-method status="PASS" signature="afterSuite()[pri:0, instance:com.test.api.TestNGClass.IdAuth@24361cfc]" name="afterSuite" is-config="true" duration-ms="0" started-at="2019-05-14T19:02:10Z" finished-at="2019-05-14T19:02:10Z">
          <reporter-output>
          </reporter-output>
        </test-method> <!-- afterSuite -->
      </class> <!-- com.test.api.TestNGClass.IdAuth -->
    </test> <!-- Default test -->
  </suite> <!-- Default suite -->
</testng-results>
