<?xml version="1.0" encoding="UTF-8"?>
<testng-results skipped="0" failed="0" ignored="0" total="1" passed="1">
  <reporter-output>
  </reporter-output>
  <suite name="Default suite" duration-ms="73" started-at="2019-04-11T05:48:42Z" finished-at="2019-04-11T05:48:42Z">
    <groups>
    </groups>
    <test name="Default test" duration-ms="73" started-at="2019-04-11T05:48:42Z" finished-at="2019-04-11T05:48:42Z">
      <class name="com.test.api.TestNGClass.IdAuth">
        <test-method status="PASS" signature="beforeClass()[pri:0, instance:com.test.api.TestNGClass.IdAuth@6eebc39e]" name="beforeClass" is-config="true" duration-ms="5" started-at="2019-04-11T13:48:42Z" finished-at="2019-04-11T13:48:42Z">
          <reporter-output>
          </reporter-output>
        </test-method> <!-- beforeClass -->
        <test-method status="PASS" signature="f()[pri:0, instance:com.test.api.TestNGClass.IdAuth@6eebc39e]" name="f" duration-ms="51" started-at="2019-04-11T13:48:42Z" finished-at="2019-04-11T13:48:42Z">
          <reporter-output>
          </reporter-output>
        </test-method> <!-- f -->
        <test-method status="PASS" signature="afterClass()[pri:0, instance:com.test.api.TestNGClass.IdAuth@6eebc39e]" name="afterClass" is-config="true" duration-ms="1" started-at="2019-04-11T13:48:42Z" finished-at="2019-04-11T13:48:42Z">
          <reporter-output>
          </reporter-output>
        </test-method> <!-- afterClass -->
      </class> <!-- com.test.api.TestNGClass.IdAuth -->
    </test> <!-- Default test -->
  </suite> <!-- Default suite -->
</testng-results>
